<?xml version="1.0" encoding="UTF-8"?>
<testsuite xmlns:xsi="http://www.w3.org/2001/XMLSchema-instance" xsi:noNamespaceSchemaLocation="https://maven.apache.org/surefire/maven-surefire-plugin/xsd/surefire-test-report-3.0.xsd" version="3.0" name="com.riwi.VorteXtream_BACK_END_SpringBoot.VorteXtreamBackEndSpringBootApplicationTests" time="10.05" tests="1" errors="0" skipped="0" failures="0">
  <properties>
[...]
</properties>
  <testcase name="contextLoads" classname="com.riwi.VorteXtream_BACK_END_SpringBoot.VorteXtreamBackEndSpringBootApplicationTests" time="0.306">
    <system-out><![CDATA[Standard Commons Logging discovery in action with spring-jcl: please remove commons-logging.jar from classpath in order to avoid potential conflicts
17:48:37.827 [main] INFO org.springframework.test.context.support.AnnotationConfigContextLoaderUtils -- Could not detect default configuration classes for test class [com.riwi.VorteXtream_BACK_END_SpringBoot.VorteXtreamBackEndSpringBootApplicationTests]: VorteXtreamBackEndSpringBootApplicationTests does not declare any static, non-private, non-final, nested classes annotated with @Configuration.
17:48:37.884 [main] INFO org.springframework.boot.test.context.SpringBootTestContextBootstrapper -- Found @SpringBootConfiguration com.riwi.VorteXtream_BACK_END_SpringBoot.VorteXtreamBackEndSpringBootApplication for test class com.riwi.VorteXtream_BACK_END_SpringBoot.VorteXtreamBackEndSpringBootApplicationTests
17:48:37.977 [main] INFO org.springframework.boot.devtools.restart.RestartApplicationListener -- Restart disabled due to context in which it is running

  .   ____          _            __ _ _
 /\\ / ___'_ __ _ _(_)_ __  __ _ \ \ \ \
( ( )\___ | '_ | '_| | '_ \/ _` | \ \ \ \
 \\/  ___)| |_)| | | | | || (_| |  ) ) ) )
  '  |____| .__|_| |_|_| |_\__, | / / / /
 =========|_|==============|___/=/_/_/_/

 :: Spring Boot ::                (v3.3.3)

2024-09-19T17:48:38.137-05:00  INFO 13380 --- [VorteXtream-BACK_END-SpringBoot] [           main] eXtreamBackEndSpringBootApplicationTests : Starting VorteXtreamBackEndSpringBootApplicationTests using Java 17.0.6 with PID 13380 (started by riwip3-053 in /home/riwip3-053/Downloads/vorteXtream backend/VORTEXTREAM-BACK-END_-SPRING-BOOT-/app)
2024-09-19T17:48:38.138-05:00  INFO 13380 --- [VorteXtream-BACK_END-SpringBoot] [           main] eXtreamBackEndSpringBootApplicationTests : No active profile set, falling back to 1 default profile: "default"
2024-09-19T17:48:38.570-05:00  INFO 13380 --- [VorteXtream-BACK_END-SpringBoot] [           main] .s.d.r.c.RepositoryConfigurationDelegate : Bootstrapping Spring Data JPA repositories in DEFAULT mode.
2024-09-19T17:48:38.612-05:00  INFO 13380 --- [VorteXtream-BACK_END-SpringBoot] [           main] .s.d.r.c.RepositoryConfigurationDelegate : Finished Spring Data repository scanning in 37 ms. Found 7 JPA repository interfaces.
2024-09-19T17:48:38.915-05:00  INFO 13380 --- [VorteXtream-BACK_END-SpringBoot] [           main] o.hibernate.jpa.internal.util.LogHelper  : HHH000204: Processing PersistenceUnitInfo [name: default]
2024-09-19T17:48:38.944-05:00  INFO 13380 --- [VorteXtream-BACK_END-SpringBoot] [           main] org.hibernate.Version                    : HHH000412: Hibernate ORM core version 6.5.2.Final
2024-09-19T17:48:38.966-05:00  INFO 13380 --- [VorteXtream-BACK_END-SpringBoot] [           main] o.h.c.internal.RegionFactoryInitiator    : HHH000026: Second-level cache disabled
2024-09-19T17:48:39.131-05:00  INFO 13380 --- [VorteXtream-BACK_END-SpringBoot] [           main] o.s.o.j.p.SpringPersistenceUnitInfo      : No LoadTimeWeaver setup: ignoring JPA class transformer
2024-09-19T17:48:39.149-05:00  INFO 13380 --- [VorteXtream-BACK_END-SpringBoot] [           main] com.zaxxer.hikari.HikariDataSource       : HikariPool-1 - Starting...
2024-09-19T17:48:40.895-05:00  INFO 13380 --- [VorteXtream-BACK_END-SpringBoot] [           main] com.zaxxer.hikari.pool.HikariPool        : HikariPool-1 - Added connection com.mysql.cj.jdbc.ConnectionImpl@7e4ac598
2024-09-19T17:48:40.897-05:00  INFO 13380 --- [VorteXtream-BACK_END-SpringBoot] [           main] com.zaxxer.hikari.HikariDataSource       : HikariPool-1 - Start completed.
2024-09-19T17:48:41.714-05:00  INFO 13380 --- [VorteXtream-BACK_END-SpringBoot] [           main] o.h.e.t.j.p.i.JtaPlatformInitiator       : HHH000489: No JTA platform available (set 'hibernate.transaction.jta.platform' to enable JTA platform integration)
Hibernate: drop table if exists cast_movie
Hibernate: drop table if exists casts
Hibernate: drop table if exists categories
Hibernate: drop table if exists directors
Hibernate: drop table if exists images
Hibernate: drop table if exists studios
Hibernate: drop table if exists sub_category
Hibernate: drop table if exists type_streaming
Hibernate: create table cast_movie (id bigint not null auto_increment, primary key (id)) engine=InnoDB
Hibernate: create table casts (id varchar(255) not null, name varchar(255) not null, primary key (id)) engine=InnoDB
Hibernate: create table categories (description varchar(255) not null, id varchar(255) not null, name varchar(255) not null, primary key (id)) engine=InnoDB
Hibernate: create table directors (age integer not null, id bigint not null auto_increment, name varchar(255) not null, nationality varchar(255) not null, synopsis varchar(255) not null, primary key (id)) engine=InnoDB
Hibernate: create table images (id integer not null auto_increment, image_id varchar(255) not null, image_url varchar(255) not null, name varchar(255) not null, primary key (id)) engine=InnoDB
Hibernate: create table studios (foundation_year integer not null, id bigint not null auto_increment, country varchar(255) not null, name varchar(255) not null, primary key (id)) engine=InnoDB
Hibernate: create table sub_category (predefined bit not null, id bigint not null auto_increment, description varchar(255) not null, name varchar(255) not null, primary key (id)) engine=InnoDB
Hibernate: create table type_streaming (id bigint not null auto_increment, name varchar(255) not null, primary key (id)) engine=InnoDB
Hibernate: INSERT INTO directors(name, age, synopsis, nationality) VALUES ('yeyo', 19, 'hola, me gusta la poronga', 'colombian')
2024-09-19T17:48:46.652-05:00  INFO 13380 --- [VorteXtream-BACK_END-SpringBoot] [           main] j.LocalContainerEntityManagerFactoryBean : Initialized JPA EntityManagerFactory for persistence unit 'default'
2024-09-19T17:48:46.960-05:00  WARN 13380 --- [VorteXtream-BACK_END-SpringBoot] [           main] JpaBaseConfiguration$JpaWebConfiguration : spring.jpa.open-in-view is enabled by default. Therefore, database queries may be performed during view rendering. Explicitly configure spring.jpa.open-in-view to disable this warning
2024-09-19T17:48:46.988-05:00  INFO 13380 --- [VorteXtream-BACK_END-SpringBoot] [           main] r$InitializeUserDetailsManagerConfigurer : Global AuthenticationManager configured with UserDetailsService bean with name userDetailsService
2024-09-19T17:48:47.463-05:00  INFO 13380 --- [VorteXtream-BACK_END-SpringBoot] [           main] eXtreamBackEndSpringBootApplicationTests : Started VorteXtreamBackEndSpringBootApplicationTests in 9.494 seconds (process running for 10.052)
]]></system-out>
  </testcase>
</testsuite>